<?xml version="1.0" encoding="UTF-8"?>
<!-- Generated by org.testng.reporters.JUnitXMLReporter -->
<testsuite ignored="0" hostname="DESKTOP-DREU99S" failures="0" tests="3" name="Login_NegativeTests" time="33.479" errors="0" timestamp="2025-12-04T21:17:35 EET">
  <testcase classname="tests.Login_NegativeScenario" name="testLogin_WithInvalidEmailOrPassword" time="5.513"/>
  <testcase classname="tests.Login_NegativeScenario" name="testLogin_WithInvalidEmailOrPassword" time="5.548"/>
  <testcase classname="tests.Login_NegativeScenario" name="testLogin_WithInvalidEmailOrPassword" time="5.984"/>
</testsuite> <!-- Login_NegativeTests -->
