<?xml version="1.0" encoding="UTF-8"?>
<!-- Generated by org.testng.reporters.JUnitXMLReporter -->
<testsuite ignored="0" hostname="DESKTOP-DREU99S" failures="0" tests="2" name="Login_PositiveTests" time="68.054" errors="0" timestamp="2025-12-04T21:17:02 EET">
  <testcase classname="tests.Login_PositiveScenario" name="testLogin_CorrectUsernameAndMatchingPassword" time="13.295"/>
  <testcase classname="tests.Login_PositiveScenario" name="testLogin_CorrectUsernameAndMatchingPassword" time="14.716"/>
</testsuite> <!-- Login_PositiveTests -->
