<?xml version="1.0" encoding="UTF-8"?>
<!-- Generated by org.testng.reporters.JUnitReportReporter -->
<testsuite hostname="DESKTOP-DREU99S" failures="0" tests="3" name="tests.Login_NegativeScenario" time="17.045" errors="0" timestamp="2025-12-04T21:17:35 EET" skipped="0">
  <testcase classname="tests.Login_NegativeScenario" name="testLogin_WithInvalidEmailOrPassword" time="5.984"/>
  <testcase classname="tests.Login_NegativeScenario" name="testLogin_WithInvalidEmailOrPassword" time="5.513"/>
  <testcase classname="tests.Login_NegativeScenario" name="testLogin_WithInvalidEmailOrPassword" time="5.548"/>
</testsuite> <!-- tests.Login_NegativeScenario -->
