<?xml version="1.0" encoding="UTF-8"?>
<!-- Generated by org.testng.reporters.JUnitReportReporter -->
<testsuite hostname="DESKTOP-DREU99S" failures="0" tests="2" name="tests.Login_PositiveScenario" time="28.011" errors="0" timestamp="2025-12-04T21:17:35 EET" skipped="0">
  <testcase classname="tests.Login_PositiveScenario" name="testLogin_CorrectUsernameAndMatchingPassword" time="13.295"/>
  <testcase classname="tests.Login_PositiveScenario" name="testLogin_CorrectUsernameAndMatchingPassword" time="14.716"/>
</testsuite> <!-- tests.Login_PositiveScenario -->
